<?xml version="1.0" encoding="UTF-8"?>
<!-- Generated by org.testng.reporters.JUnitReportReporter -->
<testsuite hostname="MAHESH-LAPTOP" failures="0" tests="1" name="testrunner.RunnerClass" time="61.409" errors="0" timestamp="2024-10-05T09:02:53 IST" skipped="0">
  <testcase classname="testrunner.RunnerClass" name="runScenario" time="61.409"/>
</testsuite> <!-- testrunner.RunnerClass -->
