<?xml version="1.0" encoding="UTF-8"?>
<!-- Generated by org.testng.reporters.JUnitReportReporter -->
<testsuite hostname="MAHESH-LAPTOP" failures="0" tests="2" name="testRunner.TestRunner" time="13.740" errors="0" timestamp="2024-10-07T18:09:26 IST" skipped="0">
  <testcase classname="testRunner.TestRunner" name="runScenario" time="7.603"/>
  <testcase classname="testRunner.TestRunner" name="runScenario" time="6.137"/>
</testsuite> <!-- testRunner.TestRunner -->
