<?xml version="1.0" encoding="UTF-8"?>
<!-- Generated by org.testng.reporters.JUnitReportReporter -->
<testsuite hostname="MAHESH-LAPTOP" failures="0" tests="2" name="testrunner.RunnerClass" time="100.908" errors="0" timestamp="2024-10-05T18:58:22 IST" skipped="0">
  <testcase classname="testrunner.RunnerClass" name="runScenario" time="51.355"/>
  <testcase classname="testrunner.RunnerClass" name="runScenario" time="49.553"/>
</testsuite> <!-- testrunner.RunnerClass -->
