<?xml version="1.0" encoding="UTF-8"?>
<!-- Generated by org.testng.reporters.JUnitReportReporter -->
<testsuite hostname="MAHESH-LAPTOP" failures="0" tests="2" name="testRunner.TestNGTestRunner" time="12.714" errors="0" timestamp="2024-10-07T23:24:09 IST" skipped="0">
  <testcase classname="testRunner.TestNGTestRunner" name="runScenario" time="7.324"/>
  <testcase classname="testRunner.TestNGTestRunner" name="runScenario" time="5.390"/>
</testsuite> <!-- testRunner.TestNGTestRunner -->
