<?xml version="1.0" encoding="UTF-8"?>
<!-- Generated by org.testng.reporters.JUnitReportReporter -->
<testsuite hostname="MAHESH-LAPTOP" failures="0" tests="1" name="testrunner.RunnerClass" time="54.217" errors="0" timestamp="2024-10-05T18:45:23 IST" skipped="0">
  <testcase classname="testrunner.RunnerClass" name="runScenario" time="54.217"/>
</testsuite> <!-- testrunner.RunnerClass -->
