<?xml version="1.0" encoding="UTF-8"?>
<!-- Generated by org.testng.reporters.JUnitReportReporter -->
<testsuite hostname="MAHESH-LAPTOP" failures="0" tests="1" name="testrunner.TestRun" time="52.506" errors="0" timestamp="2024-10-04T19:42:46 IST" skipped="0">
  <testcase classname="testrunner.TestRun" name="runScenario" time="52.506"/>
</testsuite> <!-- testrunner.TestRun -->
