<?xml version="1.0" encoding="UTF-8"?>
<!-- Generated by org.testng.reporters.JUnitReportReporter -->
<testsuite hostname="MAHESH-LAPTOP" failures="0" tests="2" name="testrunner.RunnerClass" time="108.577" errors="0" timestamp="2024-10-06T00:16:07 IST" skipped="0">
  <testcase classname="testrunner.RunnerClass" name="runScenario" time="52.082"/>
  <testcase classname="testrunner.RunnerClass" name="runScenario" time="56.495"/>
</testsuite> <!-- testrunner.RunnerClass -->
